build/outputs/logs/manifest-merger-release-report.txt
-- Merging decision tree log ---
manifest
ADDED from shuorigf_green_ver_eclipse\AndroidManifest.xml:2:1-63:12
INJECTED from shuorigf_green_ver_eclipse\AndroidManifest.xml:2:1-63:12
INJECTED from shuorigf_green_ver_eclipse\AndroidManifest.xml:2:1-63:12
INJECTED from shuorigf_green_ver_eclipse\AndroidManifest.xml:2:1-63:12
INJECTED from shuorigf_green_ver_eclipse\AndroidManifest.xml:2:1-63:12
	package
		ADDED from shuorigf_green_ver_eclipse\AndroidManifest.xml:3:5-28
	android:versionName
		ADDED from shuorigf_green_ver_eclipse\AndroidManifest.xml:5:5-32
		INJECTED from shuorigf_green_ver_eclipse\AndroidManifest.xml
		INJECTED from shuorigf_green_ver_eclipse\AndroidManifest.xml
	xmlns:android
		ADDED from shuorigf_green_ver_eclipse\AndroidManifest.xml:2:11-69
	android:versionCode
		ADDED from shuorigf_green_ver_eclipse\AndroidManifest.xml:4:5-28
		INJECTED from shuorigf_green_ver_eclipse\AndroidManifest.xml
		INJECTED from shuorigf_green_ver_eclipse\AndroidManifest.xml
uses-feature#android.hardware.bluetooth_le
ADDED from shuorigf_green_ver_eclipse\AndroidManifest.xml:7:5-9:35
	android:required
		ADDED from shuorigf_green_ver_eclipse\AndroidManifest.xml:9:9-32
	android:name
		ADDED from shuorigf_green_ver_eclipse\AndroidManifest.xml:8:9-53
uses-permission#android.permission.BLUETOOTH_ADMIN
ADDED from shuorigf_green_ver_eclipse\AndroidManifest.xml:11:5-74
	android:name
		ADDED from shuorigf_green_ver_eclipse\AndroidManifest.xml:11:22-71
uses-permission#android.permission.BLUETOOTH
ADDED from shuorigf_green_ver_eclipse\AndroidManifest.xml:12:5-68
	android:name
		ADDED from shuorigf_green_ver_eclipse\AndroidManifest.xml:12:22-65
uses-permission#android.permission.WRITE_EXTERNAL_STORAGE
ADDED from shuorigf_green_ver_eclipse\AndroidManifest.xml:13:5-81
	android:name
		ADDED from shuorigf_green_ver_eclipse\AndroidManifest.xml:13:22-78
uses-permission#android.permission.READ_LOGS
ADDED from shuorigf_green_ver_eclipse\AndroidManifest.xml:14:2-65
	android:name
		ADDED from shuorigf_green_ver_eclipse\AndroidManifest.xml:14:19-62
uses-permission#android.permission.ACCESS_FINE_LOCATION
ADDED from shuorigf_green_ver_eclipse\AndroidManifest.xml:15:2-75
	android:name
		ADDED from shuorigf_green_ver_eclipse\AndroidManifest.xml:15:19-73
uses-permission#android.permission.ACCESS_COARSE_LOCATION
ADDED from shuorigf_green_ver_eclipse\AndroidManifest.xml:16:2-77
	android:name
		ADDED from shuorigf_green_ver_eclipse\AndroidManifest.xml:16:19-75
uses-sdk
ADDED from shuorigf_green_ver_eclipse\AndroidManifest.xml:18:5-20:41
	android:targetSdkVersion
		ADDED from shuorigf_green_ver_eclipse\AndroidManifest.xml:20:9-38
	android:minSdkVersion
		ADDED from shuorigf_green_ver_eclipse\AndroidManifest.xml:19:9-35
application
ADDED from shuorigf_green_ver_eclipse\AndroidManifest.xml:22:5-61:19
	android:label
		ADDED from shuorigf_green_ver_eclipse\AndroidManifest.xml:26:9-41
	android:icon
		ADDED from shuorigf_green_ver_eclipse\AndroidManifest.xml:25:9-45
	android:allowBackup
		ADDED from shuorigf_green_ver_eclipse\AndroidManifest.xml:24:9-35
	android:theme
		ADDED from shuorigf_green_ver_eclipse\AndroidManifest.xml:27:9-40
	android:name
		ADDED from shuorigf_green_ver_eclipse\AndroidManifest.xml:23:9-54
activity#com.wcsmobile.activity.MainActivity
ADDED from shuorigf_green_ver_eclipse\AndroidManifest.xml:28:9-36:20
	android:screenOrientation
		ADDED from shuorigf_green_ver_eclipse\AndroidManifest.xml:33:13-49
	android:label
		ADDED from shuorigf_green_ver_eclipse\AndroidManifest.xml:31:13-45
	android:launchMode
		ADDED from shuorigf_green_ver_eclipse\AndroidManifest.xml:32:13-44
	android:windowSoftInputMode
		ADDED from shuorigf_green_ver_eclipse\AndroidManifest.xml:35:13-52
	android:configChanges
		ADDED from shuorigf_green_ver_eclipse\AndroidManifest.xml:30:13-55
	android:theme
		ADDED from shuorigf_green_ver_eclipse\AndroidManifest.xml:34:13-60
	android:name
		ADDED from shuorigf_green_ver_eclipse\AndroidManifest.xml:29:13-63
activity#com.wcsmobile.activity.HistoricalDataActivity
ADDED from shuorigf_green_ver_eclipse\AndroidManifest.xml:37:9-45:20
	android:screenOrientation
		ADDED from shuorigf_green_ver_eclipse\AndroidManifest.xml:42:13-49
	android:label
		ADDED from shuorigf_green_ver_eclipse\AndroidManifest.xml:40:13-45
	android:launchMode
		ADDED from shuorigf_green_ver_eclipse\AndroidManifest.xml:41:13-44
	android:windowSoftInputMode
		ADDED from shuorigf_green_ver_eclipse\AndroidManifest.xml:44:13-60
	android:configChanges
		ADDED from shuorigf_green_ver_eclipse\AndroidManifest.xml:39:13-55
	android:theme
		ADDED from shuorigf_green_ver_eclipse\AndroidManifest.xml:43:13-60
	android:name
		ADDED from shuorigf_green_ver_eclipse\AndroidManifest.xml:38:13-73
activity#com.wcsmobile.activity.StartActivity
ADDED from shuorigf_green_ver_eclipse\AndroidManifest.xml:46:9-59:20
	android:screenOrientation
		ADDED from shuorigf_green_ver_eclipse\AndroidManifest.xml:51:13-49
	android:label
		ADDED from shuorigf_green_ver_eclipse\AndroidManifest.xml:49:13-45
	android:launchMode
		ADDED from shuorigf_green_ver_eclipse\AndroidManifest.xml:50:13-44
	android:windowSoftInputMode
		ADDED from shuorigf_green_ver_eclipse\AndroidManifest.xml:53:13-60
	android:configChanges
		ADDED from shuorigf_green_ver_eclipse\AndroidManifest.xml:48:13-55
	android:theme
		ADDED from shuorigf_green_ver_eclipse\AndroidManifest.xml:52:13-60
	android:name
		ADDED from shuorigf_green_ver_eclipse\AndroidManifest.xml:47:13-64
intent-filter#android.intent.action.MAIN+android.intent.category.LAUNCHER
ADDED from shuorigf_green_ver_eclipse\AndroidManifest.xml:54:13-58:29
action#android.intent.action.MAIN
ADDED from shuorigf_green_ver_eclipse\AndroidManifest.xml:55:17-69
	android:name
		ADDED from shuorigf_green_ver_eclipse\AndroidManifest.xml:55:25-66
category#android.intent.category.LAUNCHER
ADDED from shuorigf_green_ver_eclipse\AndroidManifest.xml:57:17-77
	android:name
		ADDED from shuorigf_green_ver_eclipse\AndroidManifest.xml:57:27-74
service#com.wcsmobile.ble.BluetoothLeService
ADDED from shuorigf_green_ver_eclipse\AndroidManifest.xml:60:17-102
	android:enabled
		ADDED from shuorigf_green_ver_eclipse\AndroidManifest.xml:60:78-100
	android:name
		ADDED from shuorigf_green_ver_eclipse\AndroidManifest.xml:60:26-77